Not searching for unused variables given on the command line.
[31m[1mCMake Error[0m at /home/jack/crazyflie/sim-to-real-TD3/ros/src/crazyswarm/CMakeLists.txt:9 (add_subdirectory):
  The source directory

    /home/jack/crazyflie/sim-to-real-TD3/ros/src/crazyswarm/externalDependencies/libmotioncapture

  does not contain a CMakeLists.txt file.


[36m--[0m Using CATKIN_DEVEL_PREFIX: /home/jack/crazyflie/sim-to-real-TD3/ros/devel/.private/crazyswarm
[36m--[0m Using CMAKE_PREFIX_PATH: /home/jack/crazyflie/sim-to-real-TD3/ros/devel;/home/jack/catkin_ws/devel;/opt/ros/noetic
[36m--[0m This workspace overlays: /home/jack/crazyflie/sim-to-real-TD3/ros/devel;/home/jack/catkin_ws/devel;/opt/ros/noetic
[36m--[0m Using PYTHON_EXECUTABLE: /home/jack/anaconda3/envs/crazyflie/bin/python3
[36m--[0m Using Debian Python package layout
[36m--[0m Could NOT find PY_em (missing: PY_EM)
[31m[1mCMake Error[0m at /opt/ros/noetic/share/catkin/cmake/empy.cmake:30 (message):
  Unable to find either executable 'empy' or Python module 'em'...  try
  installing the package 'python3-empy'
[36mCall Stack (most recent call first):[0m
  /opt/ros/noetic/share/catkin/cmake/all.cmake:164 (include)
  /opt/ros/noetic/share/catkin/cmake/catkinConfig.cmake:20 (include)
  CMakeLists.txt:14 (find_package)


[36m--[0m Configuring incomplete, errors occurred!
See also "/home/jack/crazyflie/sim-to-real-TD3/ros/build/crazyswarm/CMakeFiles/CMakeOutput.log".
