[ 35%] Built target vicon_sdk
[ 35%] Built target _vicon_bridge_generate_messages_check_deps_TfDistortInfo
[ 35%] Built target _vicon_bridge_generate_messages_check_deps_Marker
[ 35%] Built target _vicon_bridge_generate_messages_check_deps_viconGrabPose
[ 35%] Built target _vicon_bridge_generate_messages_check_deps_viconCalibrateSegment
[ 35%] Built target _vicon_bridge_generate_messages_check_deps_Markers
[ 35%] Built target geometry_msgs_generate_messages_cpp
[ 36%] Built target vicon_bridge_gencfg
[ 36%] Built target geometry_msgs_generate_messages_nodejs
[ 36%] Built target geometry_msgs_generate_messages_py
[ 36%] Built target geometry_msgs_generate_messages_eus
[ 36%] Built target geometry_msgs_generate_messages_lisp
[ 40%] Built target testclient
[ 49%] Built target vicon_bridge_generate_messages_cpp
[ 57%] Built target vicon_bridge_generate_messages_nodejs
[ 70%] Built target vicon_bridge_generate_messages_py
[ 87%] Built target vicon_bridge_generate_messages_lisp
[ 89%] Built target vicon_bridge_generate_messages_eus
[ 89%] Built target vicon_bridge_gencpp
[ 89%] Built target vicon_bridge_generate_messages
[ 92%] Built target tf_distort
[ 96%] Built target vicon_bridge
[100%] Built target calibrate
