[ 35%] Built target vicon_sdk
[ 35%] Built target _vicon_bridge_generate_messages_check_deps_TfDistortInfo
[ 35%] Built target _vicon_bridge_generate_messages_check_deps_Markers
[ 35%] Built target _vicon_bridge_generate_messages_check_deps_viconCalibrateSegment
[ 35%] Built target _vicon_bridge_generate_messages_check_deps_viconGrabPose
[ 36%] Built target vicon_bridge_gencfg
[ 36%] Built target geometry_msgs_generate_messages_cpp
[ 36%] Built target geometry_msgs_generate_messages_nodejs
[ 36%] Built target geometry_msgs_generate_messages_py
[ 36%] Built target geometry_msgs_generate_messages_eus
[ 40%] Built target testclient
[ 40%] Built target geometry_msgs_generate_messages_lisp
[ 40%] Built target _vicon_bridge_generate_messages_check_deps_Marker
[ 50%] Built target vicon_bridge_generate_messages_eus
[ 59%] Built target vicon_bridge_generate_messages_cpp
[ 71%] Built target vicon_bridge_generate_messages_py
[ 80%] Built target vicon_bridge_generate_messages_nodejs
[ 89%] Built target vicon_bridge_generate_messages_lisp
[ 89%] Built target vicon_bridge_gencpp
[ 89%] Built target vicon_bridge_generate_messages
[ 92%] Built target calibrate
[ 96%] Built target tf_distort
[100%] Built target vicon_bridge
