[ 35%] Built target vicon_sdk
[ 35%] Built target geometry_msgs_generate_messages_cpp
[ 35%] Built target _vicon_bridge_generate_messages_check_deps_Marker
[ 35%] Built target _vicon_bridge_generate_messages_check_deps_TfDistortInfo
[ 35%] Built target _vicon_bridge_generate_messages_check_deps_Markers
[ 35%] Built target _vicon_bridge_generate_messages_check_deps_viconCalibrateSegment
[ 35%] Built target _vicon_bridge_generate_messages_check_deps_viconGrabPose
[ 36%] Built target vicon_bridge_gencfg
[ 36%] Built target geometry_msgs_generate_messages_py
[ 36%] Built target geometry_msgs_generate_messages_nodejs
[ 36%] Built target geometry_msgs_generate_messages_lisp
[ 36%] Built target geometry_msgs_generate_messages_eus
[ 45%] Built target vicon_bridge_generate_messages_cpp
[ 57%] Built target vicon_bridge_generate_messages_py
[ 61%] Built target testclient
[ 71%] Built target vicon_bridge_generate_messages_eus
[ 71%] Built target vicon_bridge_gencpp
[ 80%] Built target vicon_bridge_generate_messages_nodejs
[ 89%] Built target vicon_bridge_generate_messages_lisp
[ 89%] Built target vicon_bridge_generate_messages
[ 92%] Built target calibrate
[100%] Built target tf_distort
[100%] Built target vicon_bridge
