[  0%] Built target geometry_msgs_generate_messages_cpp
[ 35%] Built target vicon_sdk
[ 35%] Built target geometry_msgs_generate_messages_nodejs
[ 35%] Built target _vicon_bridge_generate_messages_check_deps_viconGrabPose
[ 35%] Built target _vicon_bridge_generate_messages_check_deps_viconCalibrateSegment
[ 35%] Built target _vicon_bridge_generate_messages_check_deps_Marker
[ 35%] Built target _vicon_bridge_generate_messages_check_deps_Markers
[ 36%] Built target vicon_bridge_gencfg
[ 36%] Built target _vicon_bridge_generate_messages_check_deps_TfDistortInfo
[ 36%] Built target geometry_msgs_generate_messages_eus
[ 36%] Built target geometry_msgs_generate_messages_py
[ 36%] Built target geometry_msgs_generate_messages_lisp
[ 45%] Built target vicon_bridge_generate_messages_cpp
[ 54%] Built target vicon_bridge_generate_messages_nodejs
[ 57%] Built target testclient
[ 70%] Built target vicon_bridge_generate_messages_py
[ 80%] Built target vicon_bridge_generate_messages_eus
[ 80%] Built target vicon_bridge_gencpp
[ 89%] Built target vicon_bridge_generate_messages_lisp
[ 89%] Built target vicon_bridge_generate_messages
[ 92%] Built target calibrate
[ 96%] Built target tf_distort
[100%] Built target vicon_bridge
