Not searching for unused variables given on the command line.
Using ROS (catkin_make)
Using ROS (catkin_make)
[36m--[0m Using CATKIN_DEVEL_PREFIX: /home/jack/crazyflie/sim-to-real-TD3/ros/devel/.private/crazyflie_tools
[36m--[0m Using CMAKE_PREFIX_PATH: /home/jack/crazyflie/sim-to-real-TD3/ros/devel;/home/jack/catkin_ws/devel;/opt/ros/noetic
[36m--[0m This workspace overlays: /home/jack/crazyflie/sim-to-real-TD3/ros/devel;/home/jack/catkin_ws/devel;/opt/ros/noetic
[36m--[0m Found PythonInterp: /usr/bin/python3 (found suitable version "3.8.10", minimum required is "3")
[36m--[0m Using PYTHON_EXECUTABLE: /usr/bin/python3
[36m--[0m Using Debian Python package layout
[36m--[0m Found PY_em: /usr/lib/python3/dist-packages/em.py
[36m--[0m Using empy: /usr/lib/python3/dist-packages/em.py
[36m--[0m Using CATKIN_ENABLE_TESTING: ON
[36m--[0m Call enable_testing()
[36m--[0m Using CATKIN_TEST_RESULTS_DIR: /home/jack/crazyflie/sim-to-real-TD3/ros/build/crazyflie_tools/test_results
[36m--[0m Forcing gtest/gmock from source, though one was otherwise available.
[36m--[0m Found gtest sources under '/usr/src/googletest': gtests will be built
[36m--[0m Found gmock sources under '/usr/src/googletest': gmock will be built
[36m--[0m Found PythonInterp: /usr/bin/python3 (found version "3.8.10")
[36m--[0m Found Threads: TRUE
[36m--[0m Using Python nosetests: /usr/bin/nosetests3
[36m--[0m catkin 0.8.10
[36m--[0m BUILD_SHARED_LIBS is on
[33m[1mCMake Warning[0m at /opt/ros/noetic/share/catkin/cmake/catkin_package.cmake:166 (message):
  catkin_package() DEPENDS on '/usr/lib/x86_64-linux-gnu/libusb-1.0.so' but
  neither '/usr/lib/x86_64-linux-gnu/libusb-1.0.so_INCLUDE_DIRS' nor
  '/usr/lib/x86_64-linux-gnu/libusb-1.0.so_LIBRARIES' is defined.
[36mCall Stack (most recent call first):[0m
  /opt/ros/noetic/share/catkin/cmake/catkin_package.cmake:102 (_catkin_package)
  crazyflie_cpp/ROS.cmake:18 (catkin_package)
  crazyflie_cpp/CMakeLists.txt:6 (include)


/usr/bin/python3: can't open file '/parse_package_xml.py': [Errno 2] No such file or directory
[31m[1mCMake Error[0m at /opt/ros/noetic/share/catkin/cmake/safe_execute_process.cmake:11 (message):
  execute_process(/usr/bin/python3 "/parse_package_xml.py"
  "/home/jack/crazyflie/sim-to-real-TD3/ros/src/crazyflie_tools/package.xml"
  "/home/jack/crazyflie/sim-to-real-TD3/ros/build/crazyflie_tools/catkin_generated/package.cmake")
  returned error code 2
[36mCall Stack (most recent call first):[0m
  /opt/ros/noetic/share/catkin/cmake/catkin_package_xml.cmake:74 (safe_execute_process)
  /opt/ros/noetic/share/catkin/cmake/catkin_package_xml.cmake:50 (_catkin_package_xml)
  /opt/ros/noetic/share/catkin/cmake/catkin_package.cmake:99 (catkin_package_xml)
  ROS.cmake:23 (catkin_package)
  CMakeLists.txt:6 (include)


[36m--[0m Configuring incomplete, errors occurred!
See also "/home/jack/crazyflie/sim-to-real-TD3/ros/build/crazyflie_tools/CMakeFiles/CMakeOutput.log".
See also "/home/jack/crazyflie/sim-to-real-TD3/ros/build/crazyflie_tools/CMakeFiles/CMakeError.log".
