Not searching for unused variables given on the command line.
[36m--[0m The C compiler identification is GNU 9.4.0
[36m--[0m The CXX compiler identification is GNU 9.4.0
[36m--[0m Check for working C compiler: /usr/bin/cc
[36m--[0m Check for working C compiler: /usr/bin/cc -- works
[36m--[0m Detecting C compiler ABI info
[36m--[0m Detecting C compiler ABI info - done
[36m--[0m Detecting C compile features
[36m--[0m Detecting C compile features - done
[36m--[0m Check for working CXX compiler: /usr/bin/c++
[36m--[0m Check for working CXX compiler: /usr/bin/c++ -- works
[36m--[0m Detecting CXX compiler ABI info
[36m--[0m Detecting CXX compiler ABI info - done
[36m--[0m Detecting CXX compile features
[36m--[0m Detecting CXX compile features - done
Using ROS (catkin_make)
[36m--[0m Found Boost: /usr/lib/x86_64-linux-gnu/cmake/Boost-1.71.0/BoostConfig.cmake (found version "1.71.0") found components: program_options
[31m[1mCMake Error[0m at /home/jack/crazyflie/sim-to-real-TD3/ros/src/crazyflie_tools/ROS.cmake:12 (add_subdirectory):
  The source directory

    /home/jack/crazyflie/sim-to-real-TD3/ros/src/crazyflie_tools/crazyflie_cpp

  does not contain a CMakeLists.txt file.
[36mCall Stack (most recent call first):[0m
  CMakeLists.txt:6 (include)


[31m[1mCMake Error[0m at /home/jack/crazyflie/sim-to-real-TD3/ros/src/crazyflie_tools/ROS.cmake:23 (catkin_package):
  Unknown CMake command "catkin_package".
[36mCall Stack (most recent call first):[0m
  CMakeLists.txt:6 (include)


[36m--[0m Configuring incomplete, errors occurred!
See also "/home/jack/crazyflie/sim-to-real-TD3/ros/build/crazyflie_tools/CMakeFiles/CMakeOutput.log".
