Using ROS (catkin_make)
Using ROS (catkin_make)
[33m[1mCMake Warning[0m at /opt/ros/noetic/share/catkin/cmake/catkin_package.cmake:166 (message):
  catkin_package() DEPENDS on '/usr/lib/x86_64-linux-gnu/libusb-1.0.so' but
  neither '/usr/lib/x86_64-linux-gnu/libusb-1.0.so_INCLUDE_DIRS' nor
  '/usr/lib/x86_64-linux-gnu/libusb-1.0.so_LIBRARIES' is defined.
[36mCall Stack (most recent call first):[0m
  /opt/ros/noetic/share/catkin/cmake/catkin_package.cmake:102 (_catkin_package)
  crazyflie_cpp/ROS.cmake:18 (catkin_package)
  crazyflie_cpp/CMakeLists.txt:6 (include)


/usr/bin/python3: can't open file '/parse_package_xml.py': [Errno 2] No such file or directory
[31m[1mCMake Error[0m at /opt/ros/noetic/share/catkin/cmake/safe_execute_process.cmake:11 (message):
  execute_process(/usr/bin/python3 "/parse_package_xml.py"
  "/home/jack/crazyflie/sim-to-real-TD3/ros/src/crazyflie_tools/package.xml"
  "/home/jack/crazyflie/sim-to-real-TD3/ros/build/crazyflie_tools/catkin_generated/package.cmake")
  returned error code 2
[36mCall Stack (most recent call first):[0m
  /opt/ros/noetic/share/catkin/cmake/catkin_package_xml.cmake:74 (safe_execute_process)
  /opt/ros/noetic/share/catkin/cmake/catkin_package_xml.cmake:50 (_catkin_package_xml)
  /opt/ros/noetic/share/catkin/cmake/catkin_package.cmake:99 (catkin_package_xml)
  ROS.cmake:23 (catkin_package)
  CMakeLists.txt:6 (include)


