CMake Warning (dev) at CMakeLists.txt:2 (project):
  Policy CMP0048 is not set: project() command manages VERSION variables.
  Run "cmake --help-policy CMP0048" for policy details.  Use the cmake_policy
  command to set the policy and suppress this warning.

  The following variable(s) would be set to empty:

    CMAKE_PROJECT_VERSION
    CMAKE_PROJECT_VERSION_MAJOR
    CMAKE_PROJECT_VERSION_MINOR
    CMAKE_PROJECT_VERSION_PATCH
This warning is for project developers.  Use -Wno-dev to suppress it.

Using ROS (catkin_make)
CMake Warning (dev) at ROS.cmake:2 (project):
  Policy CMP0048 is not set: project() command manages VERSION variables.
  Run "cmake --help-policy CMP0048" for policy details.  Use the cmake_policy
  command to set the policy and suppress this warning.

  The following variable(s) would be set to empty:

    CMAKE_PROJECT_VERSION
    CMAKE_PROJECT_VERSION_MAJOR
    CMAKE_PROJECT_VERSION_MINOR
    CMAKE_PROJECT_VERSION_PATCH
[36mCall Stack (most recent call first):[0m
  CMakeLists.txt:6 (include)
This warning is for project developers.  Use -Wno-dev to suppress it.

Using ROS (catkin_make)
[33m[1mCMake Warning[0m at /opt/ros/noetic/share/catkin/cmake/catkin_package.cmake:166 (message):
  catkin_package() DEPENDS on '/usr/lib/x86_64-linux-gnu/libusb-1.0.so' but
  neither '/usr/lib/x86_64-linux-gnu/libusb-1.0.so_INCLUDE_DIRS' nor
  '/usr/lib/x86_64-linux-gnu/libusb-1.0.so_LIBRARIES' is defined.
[36mCall Stack (most recent call first):[0m
  /opt/ros/noetic/share/catkin/cmake/catkin_package.cmake:102 (_catkin_package)
  crazyflie_cpp/ROS.cmake:18 (catkin_package)
  crazyflie_cpp/CMakeLists.txt:6 (include)


/usr/bin/python3: can't open file '/parse_package_xml.py': [Errno 2] No such file or directory
[31m[1mCMake Error[0m at /opt/ros/noetic/share/catkin/cmake/safe_execute_process.cmake:11 (message):
  execute_process(/usr/bin/python3 "/parse_package_xml.py"
  "/home/jack/crazyflie/sim-to-real-TD3/ros/src/crazyflie_tools/package.xml"
  "/home/jack/crazyflie/sim-to-real-TD3/ros/build/crazyflie_tools/catkin_generated/package.cmake")
  returned error code 2
[36mCall Stack (most recent call first):[0m
  /opt/ros/noetic/share/catkin/cmake/catkin_package_xml.cmake:74 (safe_execute_process)
  /opt/ros/noetic/share/catkin/cmake/catkin_package_xml.cmake:50 (_catkin_package_xml)
  /opt/ros/noetic/share/catkin/cmake/catkin_package.cmake:99 (catkin_package_xml)
  ROS.cmake:23 (catkin_package)
  CMakeLists.txt:6 (include)


